{
"contracts/FundMe.sol":{"l":{"40":0,"41":0,"57":3,"58":3,"75":3,"80":2,"81":2,"85":0,"90":0,"91":0,"93":0,"100":0,"103":0},"path":"/Users/carlosmedero/Documents/SOLIDITY/HARDHAT-FUND-ME-FCC/contracts/FundMe.sol","s":{"1":0,"2":3,"3":2,"4":0,"5":0,"6":0,"7":0},"b":{"1":[0,0],"2":[2,1],"3":[0,0],"4":[0,0]},"f":{"1":0,"2":3,"3":3,"4":0},"fnMap":{"1":{"name":"onlyOwner","line":38,"loc":{"start":{"line":38,"column":4},"end":{"line":42,"column":4}}},"2":{"name":"constructor","line":56,"loc":{"start":{"line":56,"column":4},"end":{"line":59,"column":4}}},"3":{"name":"fund","line":74,"loc":{"start":{"line":74,"column":4},"end":{"line":82,"column":4}}},"4":{"name":"withdraw","line":84,"loc":{"start":{"line":84,"column":4},"end":{"line":104,"column":4}}}},"statementMap":{"1":{"start":{"line":40,"column":8},"end":{"line":40,"column":60}},"2":{"start":{"line":75,"column":8},"end":{"line":75,"column":1795}},"3":{"start":{"line":81,"column":8},"end":{"line":81,"column":31}},"4":{"start":{"line":85,"column":8},"end":{"line":85,"column":2183}},"5":{"start":{"line":90,"column":12},"end":{"line":90,"column":49}},"6":{"start":{"line":100,"column":8},"end":{"line":100,"column":2712}},"7":{"start":{"line":103,"column":8},"end":{"line":103,"column":42}}},"branchMap":{"1":{"line":40,"type":"if","locations":[{"start":{"line":40,"column":8},"end":{"line":40,"column":8}},{"start":{"line":40,"column":8},"end":{"line":40,"column":8}}]},"2":{"line":75,"type":"if","locations":[{"start":{"line":75,"column":8},"end":{"line":75,"column":8}},{"start":{"line":75,"column":8},"end":{"line":75,"column":8}}]},"3":{"line":84,"type":"if","locations":[{"start":{"line":84,"column":31},"end":{"line":84,"column":31}},{"start":{"line":84,"column":31},"end":{"line":84,"column":31}}]},"4":{"line":103,"type":"if","locations":[{"start":{"line":103,"column":8},"end":{"line":103,"column":8}},{"start":{"line":103,"column":8},"end":{"line":103,"column":8}}]}}},
"contracts/PriceConverter.sol":{"l":{"13":3,"15":3,"25":3,"26":3,"30":3},"path":"/Users/carlosmedero/Documents/SOLIDITY/HARDHAT-FUND-ME-FCC/contracts/PriceConverter.sol","s":{"1":3,"2":3,"3":3,"4":3,"5":3},"b":{},"f":{"1":3,"2":3},"fnMap":{"1":{"name":"getPrice","line":10,"loc":{"start":{"line":10,"column":4},"end":{"line":18,"column":4}}},"2":{"name":"getConversionRate","line":21,"loc":{"start":{"line":21,"column":4},"end":{"line":31,"column":4}}}},"statementMap":{"1":{"start":{"line":13,"column":8},"end":{"line":13,"column":61}},"2":{"start":{"line":15,"column":8},"end":{"line":15,"column":44}},"3":{"start":{"line":25,"column":8},"end":{"line":25,"column":46}},"4":{"start":{"line":26,"column":8},"end":{"line":26,"column":77}},"5":{"start":{"line":30,"column":8},"end":{"line":30,"column":29}}},"branchMap":{}},
"contracts/test/mockV3Aggregator.sol":{"l":{},"path":"/Users/carlosmedero/Documents/SOLIDITY/HARDHAT-FUND-ME-FCC/contracts/test/mockV3Aggregator.sol","s":{},"b":{},"f":{},"fnMap":{},"statementMap":{},"branchMap":{}}}
