TN:
SF:/Users/carlosmedero/Documents/SOLIDITY/HARDHAT-FUND-ME-FCC/contracts/FundMe.sol
FN:38,onlyOwner
FN:56,constructor
FN:74,fund
FN:84,withdraw
FNF:4
FNH:2
FNDA:0,onlyOwner
FNDA:3,constructor
FNDA:3,fund
FNDA:0,withdraw
DA:40,0
DA:41,0
DA:57,3
DA:58,3
DA:75,3
DA:80,2
DA:81,2
DA:85,0
DA:90,0
DA:91,0
DA:93,0
DA:100,0
DA:103,0
LF:13
LH:5
BRDA:40,1,0,0
BRDA:40,1,1,0
BRDA:75,2,0,2
BRDA:75,2,1,1
BRDA:84,3,0,0
BRDA:84,3,1,0
BRDA:103,4,0,0
BRDA:103,4,1,0
BRF:8
BRH:2
end_of_record
TN:
SF:/Users/carlosmedero/Documents/SOLIDITY/HARDHAT-FUND-ME-FCC/contracts/PriceConverter.sol
FN:10,getPrice
FN:21,getConversionRate
FNF:2
FNH:2
FNDA:3,getPrice
FNDA:3,getConversionRate
DA:13,3
DA:15,3
DA:25,3
DA:26,3
DA:30,3
LF:5
LH:5
BRF:0
BRH:0
end_of_record
TN:
SF:/Users/carlosmedero/Documents/SOLIDITY/HARDHAT-FUND-ME-FCC/contracts/test/mockV3Aggregator.sol
FNF:0
FNH:0
LF:0
LH:0
BRF:0
BRH:0
end_of_record
