TN:
SF:/Users/carlosmedero/Documents/SOLIDITY/HARDHAT-FUND-ME-FCC/contracts/FundMe.sol
FN:38,onlyOwner
FN:56,constructor
FN:74,fund
FN:84,withdraw
FNF:4
FNH:4
FNDA:1,onlyOwner
FNDA:3,constructor
FNDA:4,fund
FNDA:1,withdraw
DA:40,1
DA:41,1
DA:57,3
DA:58,3
DA:75,4
DA:80,3
DA:81,3
DA:85,1
DA:90,1
DA:91,1
DA:93,1
DA:100,1
DA:103,1
LF:13
LH:13
BRDA:40,1,0,0
BRDA:40,1,1,1
BRDA:75,2,0,3
BRDA:75,2,1,1
BRDA:84,3,0,1
BRDA:84,3,1,0
BRDA:103,4,0,1
BRDA:103,4,1,0
BRF:8
BRH:5
end_of_record
TN:
SF:/Users/carlosmedero/Documents/SOLIDITY/HARDHAT-FUND-ME-FCC/contracts/PriceConverter.sol
FN:10,getPrice
FN:21,getConversionRate
FNF:2
FNH:2
FNDA:4,getPrice
FNDA:4,getConversionRate
DA:13,4
DA:15,4
DA:25,4
DA:26,4
DA:30,4
LF:5
LH:5
BRF:0
BRH:0
end_of_record
TN:
SF:/Users/carlosmedero/Documents/SOLIDITY/HARDHAT-FUND-ME-FCC/contracts/test/mockV3Aggregator.sol
FNF:0
FNH:0
LF:0
LH:0
BRF:0
BRH:0
end_of_record
